libstemmer/mkalgorithms.pl algorithms.mk libstemmer/modules.txt
cc -g -O2 -W -Wall -Wmissing-prototypes -Wmissing-declarations -Wshadow  -Iinclude  -c -o examples/stemwords.o examples/stemwords.c
sed 's/@MODULES_H@/modules.h/' libstemmer/libstemmer_c.in >libstemmer/libstemmer.c
libstemmer/mkmodules.pl libstemmer/modules.h src_c libstemmer/modules.txt libstemmer/mkinc.mak
cc -g -O2 -W -Wall -Wmissing-prototypes -Wmissing-declarations -Wshadow    -c -o compiler/analyser.o compiler/analyser.c
cc -g -O2 -W -Wall -Wmissing-prototypes -Wmissing-declarations -Wshadow    -c -o compiler/driver.o compiler/driver.c
cc -g -O2 -W -Wall -Wmissing-prototypes -Wmissing-declarations -Wshadow    -c -o compiler/generator.o compiler/generator.c
cc -g -O2 -W -Wall -Wmissing-prototypes -Wmissing-declarations -Wshadow    -c -o compiler/generator_ada.o compiler/generator_ada.c
cc -g -O2 -W -Wall -Wmissing-prototypes -Wmissing-declarations -Wshadow    -c -o compiler/generator_csharp.o compiler/generator_csharp.c
cc -g -O2 -W -Wall -Wmissing-prototypes -Wmissing-declarations -Wshadow    -c -o compiler/generator_dart.o compiler/generator_dart.c
cc -g -O2 -W -Wall -Wmissing-prototypes -Wmissing-declarations -Wshadow    -c -o compiler/generator_go.o compiler/generator_go.c
cc -g -O2 -W -Wall -Wmissing-prototypes -Wmissing-declarations -Wshadow    -c -o compiler/generator_java.o compiler/generator_java.c
cc -g -O2 -W -Wall -Wmissing-prototypes -Wmissing-declarations -Wshadow    -c -o compiler/generator_js.o compiler/generator_js.c
cc -g -O2 -W -Wall -Wmissing-prototypes -Wmissing-declarations -Wshadow    -c -o compiler/generator_pascal.o compiler/generator_pascal.c
cc -g -O2 -W -Wall -Wmissing-prototypes -Wmissing-declarations -Wshadow    -c -o compiler/generator_php.o compiler/generator_php.c
cc -g -O2 -W -Wall -Wmissing-prototypes -Wmissing-declarations -Wshadow    -c -o compiler/generator_python.o compiler/generator_python.c
cc -g -O2 -W -Wall -Wmissing-prototypes -Wmissing-declarations -Wshadow    -c -o compiler/generator_rust.o compiler/generator_rust.c
cc -g -O2 -W -Wall -Wmissing-prototypes -Wmissing-declarations -Wshadow    -c -o compiler/space.o compiler/space.c
cc -g -O2 -W -Wall -Wmissing-prototypes -Wmissing-declarations -Wshadow    -c -o compiler/tokeniser.o compiler/tokeniser.c
cc -g -O2 -W -Wall -Wmissing-prototypes -Wmissing-declarations -Wshadow   -o snowball compiler/analyser.o compiler/driver.o compiler/generator.o compiler/generator_ada.o compiler/generator_csharp.o compiler/generator_dart.o compiler/generator_go.o compiler/generator_java.o compiler/generator_js.o compiler/generator_pascal.o compiler/generator_php.o compiler/generator_python.o compiler/generator_rust.o compiler/space.o compiler/tokeniser.o
./snowball  algorithms/arabic.sbl -o "src_c/stem_UTF_8_arabic" -eprefix arabic_UTF_8_ -r ../runtime -u
./snowball  algorithms/armenian.sbl -o "src_c/stem_UTF_8_armenian" -eprefix armenian_UTF_8_ -r ../runtime -u
./snowball  algorithms/basque.sbl -o "src_c/stem_UTF_8_basque" -eprefix basque_UTF_8_ -r ../runtime -u
./snowball  algorithms/catalan.sbl -o "src_c/stem_UTF_8_catalan" -eprefix catalan_UTF_8_ -r ../runtime -u
./snowball  algorithms/danish.sbl -o "src_c/stem_UTF_8_danish" -eprefix danish_UTF_8_ -r ../runtime -u
./snowball  algorithms/dutch.sbl -o "src_c/stem_UTF_8_dutch" -eprefix dutch_UTF_8_ -r ../runtime -u
./snowball  algorithms/dutch_porter.sbl -o "src_c/stem_UTF_8_dutch_porter" -eprefix dutch_porter_UTF_8_ -r ../runtime -u
./snowball  algorithms/english.sbl -o "src_c/stem_UTF_8_english" -eprefix english_UTF_8_ -r ../runtime -u
./snowball  algorithms/esperanto.sbl -o "src_c/stem_UTF_8_esperanto" -eprefix esperanto_UTF_8_ -r ../runtime -u
./snowball  algorithms/estonian.sbl -o "src_c/stem_UTF_8_estonian" -eprefix estonian_UTF_8_ -r ../runtime -u
./snowball  algorithms/finnish.sbl -o "src_c/stem_UTF_8_finnish" -eprefix finnish_UTF_8_ -r ../runtime -u
./snowball  algorithms/french.sbl -o "src_c/stem_UTF_8_french" -eprefix french_UTF_8_ -r ../runtime -u
./snowball  algorithms/german.sbl -o "src_c/stem_UTF_8_german" -eprefix german_UTF_8_ -r ../runtime -u
./snowball  algorithms/greek.sbl -o "src_c/stem_UTF_8_greek" -eprefix greek_UTF_8_ -r ../runtime -u
./snowball  algorithms/hindi.sbl -o "src_c/stem_UTF_8_hindi" -eprefix hindi_UTF_8_ -r ../runtime -u
./snowball  algorithms/hungarian.sbl -o "src_c/stem_UTF_8_hungarian" -eprefix hungarian_UTF_8_ -r ../runtime -u
./snowball  algorithms/indonesian.sbl -o "src_c/stem_UTF_8_indonesian" -eprefix indonesian_UTF_8_ -r ../runtime -u
./snowball  algorithms/irish.sbl -o "src_c/stem_UTF_8_irish" -eprefix irish_UTF_8_ -r ../runtime -u
./snowball  algorithms/italian.sbl -o "src_c/stem_UTF_8_italian" -eprefix italian_UTF_8_ -r ../runtime -u
./snowball  algorithms/lithuanian.sbl -o "src_c/stem_UTF_8_lithuanian" -eprefix lithuanian_UTF_8_ -r ../runtime -u
./snowball  algorithms/nepali.sbl -o "src_c/stem_UTF_8_nepali" -eprefix nepali_UTF_8_ -r ../runtime -u
./snowball  algorithms/norwegian.sbl -o "src_c/stem_UTF_8_norwegian" -eprefix norwegian_UTF_8_ -r ../runtime -u
./snowball  algorithms/polish.sbl -o "src_c/stem_UTF_8_polish" -eprefix polish_UTF_8_ -r ../runtime -u
./snowball  algorithms/porter.sbl -o "src_c/stem_UTF_8_porter" -eprefix porter_UTF_8_ -r ../runtime -u
./snowball  algorithms/portuguese.sbl -o "src_c/stem_UTF_8_portuguese" -eprefix portuguese_UTF_8_ -r ../runtime -u
./snowball  algorithms/romanian.sbl -o "src_c/stem_UTF_8_romanian" -eprefix romanian_UTF_8_ -r ../runtime -u
./snowball  algorithms/russian.sbl -o "src_c/stem_UTF_8_russian" -eprefix russian_UTF_8_ -r ../runtime -u
./snowball  algorithms/serbian.sbl -o "src_c/stem_UTF_8_serbian" -eprefix serbian_UTF_8_ -r ../runtime -u
./snowball  algorithms/sesotho.sbl -o "src_c/stem_UTF_8_sesotho" -eprefix sesotho_UTF_8_ -r ../runtime -u
./snowball  algorithms/spanish.sbl -o "src_c/stem_UTF_8_spanish" -eprefix spanish_UTF_8_ -r ../runtime -u
./snowball  algorithms/swedish.sbl -o "src_c/stem_UTF_8_swedish" -eprefix swedish_UTF_8_ -r ../runtime -u
./snowball  algorithms/tamil.sbl -o "src_c/stem_UTF_8_tamil" -eprefix tamil_UTF_8_ -r ../runtime -u
./snowball  algorithms/turkish.sbl -o "src_c/stem_UTF_8_turkish" -eprefix turkish_UTF_8_ -r ../runtime -u
./snowball  algorithms/yiddish.sbl -o "src_c/stem_UTF_8_yiddish" -eprefix yiddish_UTF_8_ -r ../runtime -u
./snowball  charsets/KOI8-R.sbl algorithms/russian.sbl -o "src_c/stem_KOI8_R_russian" -eprefix russian_KOI8_R_ -r ../runtime
./snowball  algorithms/basque.sbl -o "src_c/stem_ISO_8859_1_basque" -eprefix basque_ISO_8859_1_ -r ../runtime
./snowball  algorithms/catalan.sbl -o "src_c/stem_ISO_8859_1_catalan" -eprefix catalan_ISO_8859_1_ -r ../runtime
./snowball  algorithms/danish.sbl -o "src_c/stem_ISO_8859_1_danish" -eprefix danish_ISO_8859_1_ -r ../runtime
./snowball  algorithms/dutch.sbl -o "src_c/stem_ISO_8859_1_dutch" -eprefix dutch_ISO_8859_1_ -r ../runtime
./snowball  algorithms/dutch_porter.sbl -o "src_c/stem_ISO_8859_1_dutch_porter" -eprefix dutch_porter_ISO_8859_1_ -r ../runtime
./snowball  algorithms/english.sbl -o "src_c/stem_ISO_8859_1_english" -eprefix english_ISO_8859_1_ -r ../runtime
./snowball  algorithms/finnish.sbl -o "src_c/stem_ISO_8859_1_finnish" -eprefix finnish_ISO_8859_1_ -r ../runtime
./snowball  algorithms/french.sbl -o "src_c/stem_ISO_8859_1_french" -eprefix french_ISO_8859_1_ -r ../runtime
./snowball  algorithms/german.sbl -o "src_c/stem_ISO_8859_1_german" -eprefix german_ISO_8859_1_ -r ../runtime
./snowball  algorithms/indonesian.sbl -o "src_c/stem_ISO_8859_1_indonesian" -eprefix indonesian_ISO_8859_1_ -r ../runtime
./snowball  algorithms/irish.sbl -o "src_c/stem_ISO_8859_1_irish" -eprefix irish_ISO_8859_1_ -r ../runtime
./snowball  algorithms/italian.sbl -o "src_c/stem_ISO_8859_1_italian" -eprefix italian_ISO_8859_1_ -r ../runtime
./snowball  algorithms/norwegian.sbl -o "src_c/stem_ISO_8859_1_norwegian" -eprefix norwegian_ISO_8859_1_ -r ../runtime
./snowball  algorithms/porter.sbl -o "src_c/stem_ISO_8859_1_porter" -eprefix porter_ISO_8859_1_ -r ../runtime
./snowball  algorithms/portuguese.sbl -o "src_c/stem_ISO_8859_1_portuguese" -eprefix portuguese_ISO_8859_1_ -r ../runtime
./snowball  algorithms/spanish.sbl -o "src_c/stem_ISO_8859_1_spanish" -eprefix spanish_ISO_8859_1_ -r ../runtime
./snowball  algorithms/swedish.sbl -o "src_c/stem_ISO_8859_1_swedish" -eprefix swedish_ISO_8859_1_ -r ../runtime
./snowball  charsets/ISO-8859-2.sbl algorithms/hungarian.sbl -o "src_c/stem_ISO_8859_2_hungarian" -eprefix hungarian_ISO_8859_2_ -r ../runtime
./snowball  charsets/ISO-8859-2.sbl algorithms/polish.sbl -o "src_c/stem_ISO_8859_2_polish" -eprefix polish_ISO_8859_2_ -r ../runtime
cc -g -O2 -W -Wall -Wmissing-prototypes -Wmissing-declarations -Wshadow    -c -o libstemmer/libstemmer.o libstemmer/libstemmer.c
cc -g -O2 -W -Wall -Wmissing-prototypes -Wmissing-declarations -Wshadow    -c -o runtime/api.o runtime/api.c
cc -g -O2 -W -Wall -Wmissing-prototypes -Wmissing-declarations -Wshadow    -c -o runtime/utilities.o runtime/utilities.c
cc -g -O2 -W -Wall -Wmissing-prototypes -Wmissing-declarations -Wshadow  -Iinclude  -c -o src_c/stem_UTF_8_arabic.o src_c/stem_UTF_8_arabic.c
cc -g -O2 -W -Wall -Wmissing-prototypes -Wmissing-declarations -Wshadow  -Iinclude  -c -o src_c/stem_UTF_8_armenian.o src_c/stem_UTF_8_armenian.c
cc -g -O2 -W -Wall -Wmissing-prototypes -Wmissing-declarations -Wshadow  -Iinclude  -c -o src_c/stem_UTF_8_basque.o src_c/stem_UTF_8_basque.c
cc -g -O2 -W -Wall -Wmissing-prototypes -Wmissing-declarations -Wshadow  -Iinclude  -c -o src_c/stem_UTF_8_catalan.o src_c/stem_UTF_8_catalan.c
cc -g -O2 -W -Wall -Wmissing-prototypes -Wmissing-declarations -Wshadow  -Iinclude  -c -o src_c/stem_UTF_8_danish.o src_c/stem_UTF_8_danish.c
cc -g -O2 -W -Wall -Wmissing-prototypes -Wmissing-declarations -Wshadow  -Iinclude  -c -o src_c/stem_UTF_8_dutch.o src_c/stem_UTF_8_dutch.c
cc -g -O2 -W -Wall -Wmissing-prototypes -Wmissing-declarations -Wshadow  -Iinclude  -c -o src_c/stem_UTF_8_dutch_porter.o src_c/stem_UTF_8_dutch_porter.c
cc -g -O2 -W -Wall -Wmissing-prototypes -Wmissing-declarations -Wshadow  -Iinclude  -c -o src_c/stem_UTF_8_english.o src_c/stem_UTF_8_english.c
cc -g -O2 -W -Wall -Wmissing-prototypes -Wmissing-declarations -Wshadow  -Iinclude  -c -o src_c/stem_UTF_8_esperanto.o src_c/stem_UTF_8_esperanto.c
cc -g -O2 -W -Wall -Wmissing-prototypes -Wmissing-declarations -Wshadow  -Iinclude  -c -o src_c/stem_UTF_8_estonian.o src_c/stem_UTF_8_estonian.c
cc -g -O2 -W -Wall -Wmissing-prototypes -Wmissing-declarations -Wshadow  -Iinclude  -c -o src_c/stem_UTF_8_finnish.o src_c/stem_UTF_8_finnish.c
cc -g -O2 -W -Wall -Wmissing-prototypes -Wmissing-declarations -Wshadow  -Iinclude  -c -o src_c/stem_UTF_8_french.o src_c/stem_UTF_8_french.c
cc -g -O2 -W -Wall -Wmissing-prototypes -Wmissing-declarations -Wshadow  -Iinclude  -c -o src_c/stem_UTF_8_german.o src_c/stem_UTF_8_german.c
cc -g -O2 -W -Wall -Wmissing-prototypes -Wmissing-declarations -Wshadow  -Iinclude  -c -o src_c/stem_UTF_8_greek.o src_c/stem_UTF_8_greek.c
cc -g -O2 -W -Wall -Wmissing-prototypes -Wmissing-declarations -Wshadow  -Iinclude  -c -o src_c/stem_UTF_8_hindi.o src_c/stem_UTF_8_hindi.c
cc -g -O2 -W -Wall -Wmissing-prototypes -Wmissing-declarations -Wshadow  -Iinclude  -c -o src_c/stem_UTF_8_hungarian.o src_c/stem_UTF_8_hungarian.c
cc -g -O2 -W -Wall -Wmissing-prototypes -Wmissing-declarations -Wshadow  -Iinclude  -c -o src_c/stem_UTF_8_indonesian.o src_c/stem_UTF_8_indonesian.c
cc -g -O2 -W -Wall -Wmissing-prototypes -Wmissing-declarations -Wshadow  -Iinclude  -c -o src_c/stem_UTF_8_irish.o src_c/stem_UTF_8_irish.c
cc -g -O2 -W -Wall -Wmissing-prototypes -Wmissing-declarations -Wshadow  -Iinclude  -c -o src_c/stem_UTF_8_italian.o src_c/stem_UTF_8_italian.c
cc -g -O2 -W -Wall -Wmissing-prototypes -Wmissing-declarations -Wshadow  -Iinclude  -c -o src_c/stem_UTF_8_lithuanian.o src_c/stem_UTF_8_lithuanian.c
cc -g -O2 -W -Wall -Wmissing-prototypes -Wmissing-declarations -Wshadow  -Iinclude  -c -o src_c/stem_UTF_8_nepali.o src_c/stem_UTF_8_nepali.c
cc -g -O2 -W -Wall -Wmissing-prototypes -Wmissing-declarations -Wshadow  -Iinclude  -c -o src_c/stem_UTF_8_norwegian.o src_c/stem_UTF_8_norwegian.c
cc -g -O2 -W -Wall -Wmissing-prototypes -Wmissing-declarations -Wshadow  -Iinclude  -c -o src_c/stem_UTF_8_polish.o src_c/stem_UTF_8_polish.c
cc -g -O2 -W -Wall -Wmissing-prototypes -Wmissing-declarations -Wshadow  -Iinclude  -c -o src_c/stem_UTF_8_porter.o src_c/stem_UTF_8_porter.c
cc -g -O2 -W -Wall -Wmissing-prototypes -Wmissing-declarations -Wshadow  -Iinclude  -c -o src_c/stem_UTF_8_portuguese.o src_c/stem_UTF_8_portuguese.c
cc -g -O2 -W -Wall -Wmissing-prototypes -Wmissing-declarations -Wshadow  -Iinclude  -c -o src_c/stem_UTF_8_romanian.o src_c/stem_UTF_8_romanian.c
cc -g -O2 -W -Wall -Wmissing-prototypes -Wmissing-declarations -Wshadow  -Iinclude  -c -o src_c/stem_UTF_8_russian.o src_c/stem_UTF_8_russian.c
cc -g -O2 -W -Wall -Wmissing-prototypes -Wmissing-declarations -Wshadow  -Iinclude  -c -o src_c/stem_UTF_8_serbian.o src_c/stem_UTF_8_serbian.c
cc -g -O2 -W -Wall -Wmissing-prototypes -Wmissing-declarations -Wshadow  -Iinclude  -c -o src_c/stem_UTF_8_sesotho.o src_c/stem_UTF_8_sesotho.c
src_c/stem_UTF_8_sesotho.c: In function ‘r_postlude’:
src_c/stem_UTF_8_sesotho.c:284:39: warning: unused parameter ‘z’ [-Wunused-parameter]
  284 | static int r_postlude(struct SN_env * z) {
      |                       ~~~~~~~~~~~~~~~~^
cc -g -O2 -W -Wall -Wmissing-prototypes -Wmissing-declarations -Wshadow  -Iinclude  -c -o src_c/stem_UTF_8_spanish.o src_c/stem_UTF_8_spanish.c
cc -g -O2 -W -Wall -Wmissing-prototypes -Wmissing-declarations -Wshadow  -Iinclude  -c -o src_c/stem_UTF_8_swedish.o src_c/stem_UTF_8_swedish.c
cc -g -O2 -W -Wall -Wmissing-prototypes -Wmissing-declarations -Wshadow  -Iinclude  -c -o src_c/stem_UTF_8_tamil.o src_c/stem_UTF_8_tamil.c
cc -g -O2 -W -Wall -Wmissing-prototypes -Wmissing-declarations -Wshadow  -Iinclude  -c -o src_c/stem_UTF_8_turkish.o src_c/stem_UTF_8_turkish.c
cc -g -O2 -W -Wall -Wmissing-prototypes -Wmissing-declarations -Wshadow  -Iinclude  -c -o src_c/stem_UTF_8_yiddish.o src_c/stem_UTF_8_yiddish.c
cc -g -O2 -W -Wall -Wmissing-prototypes -Wmissing-declarations -Wshadow  -Iinclude  -c -o src_c/stem_KOI8_R_russian.o src_c/stem_KOI8_R_russian.c
cc -g -O2 -W -Wall -Wmissing-prototypes -Wmissing-declarations -Wshadow  -Iinclude  -c -o src_c/stem_ISO_8859_1_basque.o src_c/stem_ISO_8859_1_basque.c
cc -g -O2 -W -Wall -Wmissing-prototypes -Wmissing-declarations -Wshadow  -Iinclude  -c -o src_c/stem_ISO_8859_1_catalan.o src_c/stem_ISO_8859_1_catalan.c
cc -g -O2 -W -Wall -Wmissing-prototypes -Wmissing-declarations -Wshadow  -Iinclude  -c -o src_c/stem_ISO_8859_1_danish.o src_c/stem_ISO_8859_1_danish.c
cc -g -O2 -W -Wall -Wmissing-prototypes -Wmissing-declarations -Wshadow  -Iinclude  -c -o src_c/stem_ISO_8859_1_dutch.o src_c/stem_ISO_8859_1_dutch.c
cc -g -O2 -W -Wall -Wmissing-prototypes -Wmissing-declarations -Wshadow  -Iinclude  -c -o src_c/stem_ISO_8859_1_dutch_porter.o src_c/stem_ISO_8859_1_dutch_porter.c
cc -g -O2 -W -Wall -Wmissing-prototypes -Wmissing-declarations -Wshadow  -Iinclude  -c -o src_c/stem_ISO_8859_1_english.o src_c/stem_ISO_8859_1_english.c
cc -g -O2 -W -Wall -Wmissing-prototypes -Wmissing-declarations -Wshadow  -Iinclude  -c -o src_c/stem_ISO_8859_1_finnish.o src_c/stem_ISO_8859_1_finnish.c
cc -g -O2 -W -Wall -Wmissing-prototypes -Wmissing-declarations -Wshadow  -Iinclude  -c -o src_c/stem_ISO_8859_1_french.o src_c/stem_ISO_8859_1_french.c
cc -g -O2 -W -Wall -Wmissing-prototypes -Wmissing-declarations -Wshadow  -Iinclude  -c -o src_c/stem_ISO_8859_1_german.o src_c/stem_ISO_8859_1_german.c
cc -g -O2 -W -Wall -Wmissing-prototypes -Wmissing-declarations -Wshadow  -Iinclude  -c -o src_c/stem_ISO_8859_1_indonesian.o src_c/stem_ISO_8859_1_indonesian.c
cc -g -O2 -W -Wall -Wmissing-prototypes -Wmissing-declarations -Wshadow  -Iinclude  -c -o src_c/stem_ISO_8859_1_irish.o src_c/stem_ISO_8859_1_irish.c
cc -g -O2 -W -Wall -Wmissing-prototypes -Wmissing-declarations -Wshadow  -Iinclude  -c -o src_c/stem_ISO_8859_1_italian.o src_c/stem_ISO_8859_1_italian.c
cc -g -O2 -W -Wall -Wmissing-prototypes -Wmissing-declarations -Wshadow  -Iinclude  -c -o src_c/stem_ISO_8859_1_norwegian.o src_c/stem_ISO_8859_1_norwegian.c
cc -g -O2 -W -Wall -Wmissing-prototypes -Wmissing-declarations -Wshadow  -Iinclude  -c -o src_c/stem_ISO_8859_1_porter.o src_c/stem_ISO_8859_1_porter.c
cc -g -O2 -W -Wall -Wmissing-prototypes -Wmissing-declarations -Wshadow  -Iinclude  -c -o src_c/stem_ISO_8859_1_portuguese.o src_c/stem_ISO_8859_1_portuguese.c
cc -g -O2 -W -Wall -Wmissing-prototypes -Wmissing-declarations -Wshadow  -Iinclude  -c -o src_c/stem_ISO_8859_1_spanish.o src_c/stem_ISO_8859_1_spanish.c
cc -g -O2 -W -Wall -Wmissing-prototypes -Wmissing-declarations -Wshadow  -Iinclude  -c -o src_c/stem_ISO_8859_1_swedish.o src_c/stem_ISO_8859_1_swedish.c
cc -g -O2 -W -Wall -Wmissing-prototypes -Wmissing-declarations -Wshadow  -Iinclude  -c -o src_c/stem_ISO_8859_2_hungarian.o src_c/stem_ISO_8859_2_hungarian.c
cc -g -O2 -W -Wall -Wmissing-prototypes -Wmissing-declarations -Wshadow  -Iinclude  -c -o src_c/stem_ISO_8859_2_polish.o src_c/stem_ISO_8859_2_polish.c
ar -cru libstemmer.a libstemmer/libstemmer.o runtime/api.o runtime/utilities.o src_c/stem_UTF_8_arabic.o src_c/stem_UTF_8_armenian.o src_c/stem_UTF_8_basque.o src_c/stem_UTF_8_catalan.o src_c/stem_UTF_8_danish.o src_c/stem_UTF_8_dutch.o src_c/stem_UTF_8_dutch_porter.o src_c/stem_UTF_8_english.o src_c/stem_UTF_8_esperanto.o src_c/stem_UTF_8_estonian.o src_c/stem_UTF_8_finnish.o src_c/stem_UTF_8_french.o src_c/stem_UTF_8_german.o src_c/stem_UTF_8_greek.o src_c/stem_UTF_8_hindi.o src_c/stem_UTF_8_hungarian.o src_c/stem_UTF_8_indonesian.o src_c/stem_UTF_8_irish.o src_c/stem_UTF_8_italian.o src_c/stem_UTF_8_lithuanian.o src_c/stem_UTF_8_nepali.o src_c/stem_UTF_8_norwegian.o src_c/stem_UTF_8_polish.o src_c/stem_UTF_8_porter.o src_c/stem_UTF_8_portuguese.o src_c/stem_UTF_8_romanian.o src_c/stem_UTF_8_russian.o src_c/stem_UTF_8_serbian.o src_c/stem_UTF_8_sesotho.o src_c/stem_UTF_8_spanish.o src_c/stem_UTF_8_swedish.o src_c/stem_UTF_8_tamil.o src_c/stem_UTF_8_turkish.o src_c/stem_UTF_8_yiddish.o src_c/stem_KOI8_R_russian.o src_c/stem_ISO_8859_1_basque.o src_c/stem_ISO_8859_1_catalan.o src_c/stem_ISO_8859_1_danish.o src_c/stem_ISO_8859_1_dutch.o src_c/stem_ISO_8859_1_dutch_porter.o src_c/stem_ISO_8859_1_english.o src_c/stem_ISO_8859_1_finnish.o src_c/stem_ISO_8859_1_french.o src_c/stem_ISO_8859_1_german.o src_c/stem_ISO_8859_1_indonesian.o src_c/stem_ISO_8859_1_irish.o src_c/stem_ISO_8859_1_italian.o src_c/stem_ISO_8859_1_norwegian.o src_c/stem_ISO_8859_1_porter.o src_c/stem_ISO_8859_1_portuguese.o src_c/stem_ISO_8859_1_spanish.o src_c/stem_ISO_8859_1_swedish.o src_c/stem_ISO_8859_2_hungarian.o src_c/stem_ISO_8859_2_polish.o
ar: `u' modifier ignored since `D' is the default (see `U')
cc -g -O2 -W -Wall -Wmissing-prototypes -Wmissing-declarations -Wshadow   -o stemwords examples/stemwords.o libstemmer.a
